0 info it worked if it ends with ok
1 verbose cli [ 'node',
1 verbose cli   '/usr/local/bin/npm',
1 verbose cli   'install',
1 verbose cli   '-g',
1 verbose cli   'cordova',
1 verbose cli   'ionic' ]
2 info using npm@1.4.28
3 info using node@v0.10.32
4 verbose cache add [ 'cordova', null ]
5 verbose cache add name=undefined spec="cordova" args=["cordova",null]
6 verbose parsed url { protocol: null,
6 verbose parsed url   slashes: null,
6 verbose parsed url   auth: null,
6 verbose parsed url   host: null,
6 verbose parsed url   port: null,
6 verbose parsed url   hostname: null,
6 verbose parsed url   hash: null,
6 verbose parsed url   search: null,
6 verbose parsed url   query: null,
6 verbose parsed url   pathname: 'cordova',
6 verbose parsed url   path: 'cordova',
6 verbose parsed url   href: 'cordova' }
7 verbose cache add [ 'ionic', null ]
8 verbose cache add name=undefined spec="ionic" args=["ionic",null]
9 verbose parsed url { protocol: null,
9 verbose parsed url   slashes: null,
9 verbose parsed url   auth: null,
9 verbose parsed url   host: null,
9 verbose parsed url   port: null,
9 verbose parsed url   hostname: null,
9 verbose parsed url   hash: null,
9 verbose parsed url   search: null,
9 verbose parsed url   query: null,
9 verbose parsed url   pathname: 'ionic',
9 verbose parsed url   path: 'ionic',
9 verbose parsed url   href: 'ionic' }
10 silly lockFile a98f2055-cordova cordova
11 verbose lock cordova /Users/miguel/.npm/a98f2055-cordova.lock
12 silly lockFile 00d10074-ionic ionic
13 verbose lock ionic /Users/miguel/.npm/00d10074-ionic.lock
14 silly lockFile a98f2055-cordova cordova
15 silly lockFile a98f2055-cordova cordova
16 verbose addNamed [ 'cordova', '' ]
17 verbose addNamed [ null, '*' ]
18 silly lockFile de8d9fad-cordova cordova@
19 verbose lock cordova@ /Users/miguel/.npm/de8d9fad-cordova.lock
20 silly lockFile 00d10074-ionic ionic
21 silly lockFile 00d10074-ionic ionic
22 silly addNameRange { name: 'cordova', range: '*', hasData: false }
23 verbose addNamed [ 'ionic', '' ]
24 verbose addNamed [ null, '*' ]
25 silly lockFile 966fc04a-ionic ionic@
26 verbose lock ionic@ /Users/miguel/.npm/966fc04a-ionic.lock
27 verbose request where is /cordova
28 verbose request registry https://registry.npmjs.org/
29 verbose request id 78f04431187ae18b
30 verbose url raw /cordova
31 verbose url resolving [ 'https://registry.npmjs.org/', './cordova' ]
32 verbose url resolved https://registry.npmjs.org/cordova
33 verbose request where is https://registry.npmjs.org/cordova
34 info trying registry request attempt 1 at 12:48:23
35 http GET https://registry.npmjs.org/cordova
36 silly addNameRange { name: 'ionic', range: '*', hasData: false }
37 verbose request where is /ionic
38 verbose request registry https://registry.npmjs.org/
39 verbose url raw /ionic
40 verbose url resolving [ 'https://registry.npmjs.org/', './ionic' ]
41 verbose url resolved https://registry.npmjs.org/ionic
42 verbose request where is https://registry.npmjs.org/ionic
43 info trying registry request attempt 1 at 12:48:23
44 http GET https://registry.npmjs.org/ionic
45 http 200 https://registry.npmjs.org/cordova
46 silly registry.get cb [ 200,
46 silly registry.get   { server: 'CouchDB/1.5.0 (Erlang OTP/R16B03)',
46 silly registry.get     etag: '"E7L3I9LUOQO4FAE7DM53F1V5Y"',
46 silly registry.get     'content-type': 'application/json',
46 silly registry.get     'cache-control': 'max-age=60',
46 silly registry.get     'content-length': '348006',
46 silly registry.get     'accept-ranges': 'bytes',
46 silly registry.get     date: 'Tue, 02 Jun 2015 10:48:24 GMT',
46 silly registry.get     via: '1.1 varnish',
46 silly registry.get     age: '38',
46 silly registry.get     connection: 'keep-alive',
46 silly registry.get     'x-served-by': 'cache-ams4131-AMS',
46 silly registry.get     'x-cache': 'HIT',
46 silly registry.get     'x-cache-hits': '1',
46 silly registry.get     'x-timer': 'S1433242104.226295,VS0,VE1',
46 silly registry.get     vary: 'Accept' } ]
47 http 200 https://registry.npmjs.org/ionic
48 silly registry.get cb [ 200,
48 silly registry.get   { server: 'CouchDB/1.5.0 (Erlang OTP/R16B03)',
48 silly registry.get     etag: '"LT9ZCDKT9HS5TRGUD78V086G"',
48 silly registry.get     'content-type': 'application/json',
48 silly registry.get     'cache-control': 'max-age=60',
48 silly registry.get     'content-length': '392473',
48 silly registry.get     'accept-ranges': 'bytes',
48 silly registry.get     date: 'Tue, 02 Jun 2015 10:48:24 GMT',
48 silly registry.get     via: '1.1 varnish',
48 silly registry.get     age: '20',
48 silly registry.get     connection: 'keep-alive',
48 silly registry.get     'x-served-by': 'cache-ams4124-AMS',
48 silly registry.get     'x-cache': 'HIT',
48 silly registry.get     'x-cache-hits': '1',
48 silly registry.get     'x-timer': 'S1433242104.235098,VS0,VE2',
48 silly registry.get     vary: 'Accept' } ]
49 silly addNameRange number 2 { name: 'cordova', range: '*', hasData: true }
50 silly addNameRange versions [ 'cordova',
50 silly addNameRange   [ '0.0.1',
50 silly addNameRange     '0.0.2',
50 silly addNameRange     '0.0.3',
50 silly addNameRange     '0.0.4',
50 silly addNameRange     '0.0.5',
50 silly addNameRange     '0.0.6',
50 silly addNameRange     '0.0.7',
50 silly addNameRange     '0.0.8',
50 silly addNameRange     '0.0.9',
50 silly addNameRange     '0.1.0',
50 silly addNameRange     '0.1.1',
50 silly addNameRange     '0.1.2',
50 silly addNameRange     '0.1.3',
50 silly addNameRange     '0.1.4',
50 silly addNameRange     '0.1.5',
50 silly addNameRange     '0.1.6',
50 silly addNameRange     '0.1.7',
50 silly addNameRange     '0.1.8',
50 silly addNameRange     '0.1.9',
50 silly addNameRange     '0.1.10',
50 silly addNameRange     '0.1.11',
50 silly addNameRange     '0.1.12',
50 silly addNameRange     '0.1.13',
50 silly addNameRange     '0.1.14',
50 silly addNameRange     '2.2.0',
50 silly addNameRange     '2.3.0',
50 silly addNameRange     '2.3.1',
50 silly addNameRange     '2.3.2',
50 silly addNameRange     '2.3.3',
50 silly addNameRange     '2.3.5',
50 silly addNameRange     '2.3.6',
50 silly addNameRange     '2.4.0',
50 silly addNameRange     '2.4.1',
50 silly addNameRange     '2.4.2',
50 silly addNameRange     '2.4.3',
50 silly addNameRange     '2.4.4',
50 silly addNameRange     '2.4.5',
50 silly addNameRange     '2.4.6',
50 silly addNameRange     '2.4.7',
50 silly addNameRange     '2.4.8',
50 silly addNameRange     '2.4.9',
50 silly addNameRange     '2.4.10',
50 silly addNameRange     '2.5.0',
50 silly addNameRange     '2.5.2',
50 silly addNameRange     '2.5.3',
50 silly addNameRange     '2.5.4',
50 silly addNameRange     '2.5.5',
50 silly addNameRange     '2.6.0',
50 silly addNameRange     '2.6.1',
50 silly addNameRange     '2.6.2',
50 silly addNameRange     '2.7.0-rc.1',
50 silly addNameRange     '2.7.1-rc.1',
50 silly addNameRange     '2.7.2',
50 silly addNameRange     '2.7.3',
50 silly addNameRange     '2.7.4',
50 silly addNameRange     '2.8.0',
50 silly addNameRange     '2.8.1',
50 silly addNameRange     '2.8.2',
50 silly addNameRange     '2.8.3',
50 silly addNameRange     '2.8.4',
50 silly addNameRange     '2.8.5',
50 silly addNameRange     '2.8.6',
50 silly addNameRange     '2.8.7',
50 silly addNameRange     '2.8.8',
50 silly addNameRange     '2.8.9',
50 silly addNameRange     '2.8.10',
50 silly addNameRange     '2.8.11',
50 silly addNameRange     '2.8.12',
50 silly addNameRange     '2.8.13',
50 silly addNameRange     '2.8.14',
50 silly addNameRange     '2.8.15',
50 silly addNameRange     '2.8.16',
50 silly addNameRange     '2.8.17',
50 silly addNameRange     '2.8.18',
50 silly addNameRange     '2.8.19',
50 silly addNameRange     '2.8.20',
50 silly addNameRange     '2.8.21',
50 silly addNameRange     '2.8.22',
50 silly addNameRange     '2.8.23',
50 silly addNameRange     '2.8.24',
50 silly addNameRange     '2.8.25',
50 silly addNameRange     '2.9.0',
50 silly addNameRange     '2.9.1',
50 silly addNameRange     '2.9.2',
50 silly addNameRange     '2.9.3',
50 silly addNameRange     '2.9.4',
50 silly addNameRange     '2.9.5',
50 silly addNameRange     '2.9.6',
50 silly addNameRange     '2.9.7',
50 silly addNameRange     '3.0.0-rc1',
50 silly addNameRange     '3.0.0-rc1-1',
50 silly addNameRange     '3.0.0-rc1-3',
50 silly addNameRange     '3.0.0',
50 silly addNameRange     '3.0.1',
50 silly addNameRange     '3.0.2',
50 silly addNameRange     '3.0.3',
50 silly addNameRange     '3.0.4',
50 silly addNameRange     '3.0.5',
50 silly addNameRange     '3.0.6',
50 silly addNameRange     '3.0.7',
50 silly addNameRange     '3.0.8',
50 silly addNameRange     '3.0.9',
50 silly addNameRange     '3.0.10',
50 silly addNameRange     '3.1.0-0.1.0',
50 silly addNameRange     '3.1.0-0.2.0',
50 silly addNameRange     '3.2.0-rc.1',
50 silly addNameRange     '3.2.0-0.1.0',
50 silly addNameRange     '3.2.0-0.2.0',
50 silly addNameRange     '3.2.0-0.3.0',
50 silly addNameRange     '3.2.0-0.4.0',
50 silly addNameRange     '3.3.0-rc.1',
50 silly addNameRange     '3.3.0-0.1.1',
50 silly addNameRange     '3.3.1-0.1.2',
50 silly addNameRange     '2.9.0-rc1',
50 silly addNameRange     '3.3.1-0.3.0',
50 silly addNameRange     '3.3.1-0.3.1',
50 silly addNameRange     '3.3.1-0.4.1',
50 silly addNameRange     '3.3.1-0.4.2',
50 silly addNameRange     '3.4.0-0.1.0',
50 silly addNameRange     '3.4.0-0.1.1',
50 silly addNameRange     '3.4.0-0.1.2',
50 silly addNameRange     '3.4.0-0.1.3',
50 silly addNameRange     '0.0.0-fake',
50 silly addNameRange     '3.4.1-0.1.0',
50 silly addNameRange     '3.5.0-0.2.0',
50 silly addNameRange     '3.5.0-0.2.1',
50 silly addNameRange     '3.5.0-0.2.2',
50 silly addNameRange     '3.5.0-0.2.3',
50 silly addNameRange     '3.5.0-0.2.4',
50 silly addNameRange     '3.5.0-0.2.6',
50 silly addNameRange     '3.5.0-0.2.7',
50 silly addNameRange     '3.6.0-0.2.8',
50 silly addNameRange     '3.6.0-0.2.9',
50 silly addNameRange     '3.6.1-0.2.10',
50 silly addNameRange     '3.6.3-0.2.11',
50 silly addNameRange     '3.6.3-0.2.12',
50 silly addNameRange     '3.6.3-0.2.13',
50 silly addNameRange     '4.0.0',
50 silly addNameRange     '4.0.1',
50 silly addNameRange     '4.1.0',
50 silly addNameRange     '4.1.1',
50 silly addNameRange     '4.1.2',
50 silly addNameRange     '4.1.3-nightly.2014.10.21',
50 silly addNameRange     '4.2.0',
50 silly addNameRange     '4.3.0',
50 silly addNameRange     '5.0.0',
50 silly addNameRange     '5.1.0' ] ]
51 verbose addNamed [ 'cordova', '5.0.0' ]
52 verbose addNamed [ '5.0.0', '5.0.0' ]
53 silly lockFile b67265a5-cordova-5-0-0 cordova@5.0.0
54 verbose lock cordova@5.0.0 /Users/miguel/.npm/b67265a5-cordova-5-0-0.lock
55 silly addNameRange number 2 { name: 'ionic', range: '*', hasData: true }
56 silly addNameRange versions [ 'ionic',
56 silly addNameRange   [ '0.9.6',
56 silly addNameRange     '0.9.8',
56 silly addNameRange     '0.9.9',
56 silly addNameRange     '0.9.10',
56 silly addNameRange     '0.9.11',
56 silly addNameRange     '0.9.12',
56 silly addNameRange     '0.9.13',
56 silly addNameRange     '0.9.14',
56 silly addNameRange     '0.9.15',
56 silly addNameRange     '0.9.16',
56 silly addNameRange     '1.0.0-beta.1',
56 silly addNameRange     '1.0.0-beta',
56 silly addNameRange     '1.0.1-beta',
56 silly addNameRange     '1.0.3-beta',
56 silly addNameRange     '1.0.4',
56 silly addNameRange     '1.0.5',
56 silly addNameRange     '1.0.6',
56 silly addNameRange     '1.0.7',
56 silly addNameRange     '1.0.8',
56 silly addNameRange     '1.0.9',
56 silly addNameRange     '1.0.10',
56 silly addNameRange     '1.0.11',
56 silly addNameRange     '1.0.12',
56 silly addNameRange     '1.0.13',
56 silly addNameRange     '1.0.14',
56 silly addNameRange     '1.0.15',
56 silly addNameRange     '1.0.16',
56 silly addNameRange     '1.0.17',
56 silly addNameRange     '1.1.0-beta1',
56 silly addNameRange     '1.1.0-beta2',
56 silly addNameRange     '1.1.0-beta3',
56 silly addNameRange     '1.1.0-beta4',
56 silly addNameRange     '1.1.0-beta5',
56 silly addNameRange     '1.1.0-beta6',
56 silly addNameRange     '1.1.0',
56 silly addNameRange     '1.1.1-beta1',
56 silly addNameRange     '1.1.1-beta2',
56 silly addNameRange     '1.1.1-beta3',
56 silly addNameRange     '1.1.1',
56 silly addNameRange     '1.1.3',
56 silly addNameRange     '1.1.4',
56 silly addNameRange     '1.1.5-beta1',
56 silly addNameRange     '1.1.5-beta2',
56 silly addNameRange     '1.1.5-beta3',
56 silly addNameRange     '1.1.5-beta4',
56 silly addNameRange     '1.1.5-beta5',
56 silly addNameRange     '1.1.5',
56 silly addNameRange     '1.1.6',
56 silly addNameRange     '1.1.7-beta1',
56 silly addNameRange     '1.1.7',
56 silly addNameRange     '1.1.8-beta1',
56 silly addNameRange     '1.1.8-beta2',
56 silly addNameRange     '1.1.8-beta3',
56 silly addNameRange     '1.1.8-beta4',
56 silly addNameRange     '1.1.8-beta5',
56 silly addNameRange     '1.1.8',
56 silly addNameRange     '1.1.9-beta1',
56 silly addNameRange     '1.1.9',
56 silly addNameRange     '1.1.10',
56 silly addNameRange     '1.1.11-beta1',
56 silly addNameRange     '1.1.11-beta2',
56 silly addNameRange     '1.1.11',
56 silly addNameRange     '1.1.12-beta1',
56 silly addNameRange     '1.1.12-beta2',
56 silly addNameRange     '1.1.12-beta3',
56 silly addNameRange     '1.1.12',
56 silly addNameRange     '1.1.13',
56 silly addNameRange     '1.1.14-beta1',
56 silly addNameRange     '1.1.14-beta2',
56 silly addNameRange     '1.1.14-beta3',
56 silly addNameRange     '1.2.0-beta1',
56 silly addNameRange     '1.2.0',
56 silly addNameRange     '1.2.1-beta1',
56 silly addNameRange     '1.2.1-beta2',
56 silly addNameRange     '1.2.1-beta3',
56 silly addNameRange     '1.2.1-beta4',
56 silly addNameRange     '1.2.1',
56 silly addNameRange     '1.2.2',
56 silly addNameRange     '1.2.3-beta1',
56 silly addNameRange     '1.2.3-beta2',
56 silly addNameRange     '1.2.3-beta3',
56 silly addNameRange     '1.2.3',
56 silly addNameRange     '1.2.4-beta1',
56 silly addNameRange     '1.2.4-beta2',
56 silly addNameRange     '1.2.4-beta3',
56 silly addNameRange     '1.2.4',
56 silly addNameRange     '1.2.5-beta1',
56 silly addNameRange     '1.2.5-beta2',
56 silly addNameRange     '1.2.5-beta3',
56 silly addNameRange     '1.2.5',
56 silly addNameRange     '1.2.6-beta1',
56 silly addNameRange     '1.2.6-beta2',
56 silly addNameRange     '1.2.6-beta3',
56 silly addNameRange     '1.2.6',
56 silly addNameRange     '1.2.7',
56 silly addNameRange     '1.2.8-beta1',
56 silly addNameRange     '1.2.8-beta2',
56 silly addNameRange     '1.2.8',
56 silly addNameRange     '1.2.9',
56 silly addNameRange     '1.2.10',
56 silly addNameRange     '1.2.11',
56 silly addNameRange     '1.2.12',
56 silly addNameRange     '1.2.13',
56 silly addNameRange     '1.2.14-beta1',
56 silly addNameRange     '1.2.14-beta2',
56 silly addNameRange     '1.2.14-beta3',
56 silly addNameRange     '1.2.14-beta4',
56 silly addNameRange     '1.2.14-beta5',
56 silly addNameRange     '1.2.14-beta6',
56 silly addNameRange     '1.2.14',
56 silly addNameRange     '1.3.0-beta1',
56 silly addNameRange     '1.3.0',
56 silly addNameRange     '1.3.1',
56 silly addNameRange     '1.3.2',
56 silly addNameRange     '1.3.3',
56 silly addNameRange     '1.3.4',
56 silly addNameRange     '1.3.5',
56 silly addNameRange     '1.3.6',
56 silly addNameRange     '1.3.7',
56 silly addNameRange     '1.3.8',
56 silly addNameRange     '1.3.9',
56 silly addNameRange     '1.3.10',
56 silly addNameRange     '1.4.0-alpha.1',
56 silly addNameRange     '1.3.11',
56 silly addNameRange     '1.3.1-1.alpha.0',
56 silly addNameRange     '1.4.0-alpha.2',
56 silly addNameRange     '1.3.12',
56 silly addNameRange     '1.3.12-beta.1',
56 silly addNameRange     '1.3.12-beta.2',
56 silly addNameRange     '1.3.13-beta.0',
56 silly addNameRange     '1.3.1-3.beta.1',
56 silly addNameRange     '1.3.1-3.beta.2',
56 silly addNameRange     '1.3.13',
56 silly addNameRange     '1.3.1-3.beta.4',
56 silly addNameRange     '1.3.14-beta',
56 silly addNameRange     '1.3.14-beta.1',
56 silly addNameRange     '1.4.0-alpha.3',
56 silly addNameRange     '1.3.14',
56 silly addNameRange     '1.4.0-alpha.4',
56 silly addNameRange     '1.4.0-alpha.5',
56 silly addNameRange     '1.3.15-beta.0',
56 silly addNameRange     '1.3.15-beta.1',
56 silly addNameRange     '1.3.15-beta.2',
56 silly addNameRange     '1.3.15-beta.3',
56 silly addNameRange     '1.3.15-beta.4',
56 silly addNameRange     '1.3.15',
56 silly addNameRange     '1.3.16',
56 silly addNameRange     '1.4.0-alpha.6',
56 silly addNameRange     '1.3.17-beta.0',
56 silly addNameRange     '1.3.17-beta.1',
56 silly addNameRange     '1.3.17-beta.2',
56 silly addNameRange     '1.3.17-beta.3',
56 silly addNameRange     '1.3.1-7.beta.4',
56 silly addNameRange     '1.3.17',
56 silly addNameRange     '1.3.18-beta.0',
56 silly addNameRange     '1.3.18-beta.1',
56 silly addNameRange     '1.3.18-beta.2',
56 silly addNameRange     '1.3.18-beta.3',
56 silly addNameRange     '1.3.18',
56 silly addNameRange     '1.3.19-beta.0',
56 silly addNameRange     '1.3.19-beta.1',
56 silly addNameRange     '1.3.19-beta.2',
56 silly addNameRange     '1.3.19-beta.3',
56 silly addNameRange     '1.3.19-beta.4',
56 silly addNameRange     '1.3.19',
56 silly addNameRange     '1.3.20',
56 silly addNameRange     '1.4.1-beta.0',
56 silly addNameRange     '1.4.0-beta.1',
56 silly addNameRange     '1.4.0-beta.2',
56 silly addNameRange     '1.4.0-beta.3',
56 silly addNameRange     '1.4.0-beta.5',
56 silly addNameRange     '1.4.0-beta.6',
56 silly addNameRange     '1.4.0-beta.7',
56 silly addNameRange     '1.3.21-beta.0',
56 silly addNameRange     '1.3.21-beta.1',
56 silly addNameRange     '1.3.21',
56 silly addNameRange     '1.3.22',
56 silly addNameRange     '1.4.0-beta.8',
56 silly addNameRange     '1.4.0-beta.9',
56 silly addNameRange     '1.4.0-beta.10',
56 silly addNameRange     '1.4.0-beta.11',
56 silly addNameRange     '1.4.0-beta.12',
56 silly addNameRange     '1.4.0-beta.13',
56 silly addNameRange     '1.4.0-beta.14',
56 silly addNameRange     '1.4.0-beta.15',
56 silly addNameRange     '1.4.0-beta.16',
56 silly addNameRange     '1.4.0-beta.17',
56 silly addNameRange     '1.4.0-beta.18',
56 silly addNameRange     '1.4.0',
56 silly addNameRange     '1.4.1',
56 silly addNameRange     '1.4.2',
56 silly addNameRange     '1.4.3',
56 silly addNameRange     '1.4.4-beta.0',
56 silly addNameRange     '1.4.4-beta.2',
56 silly addNameRange     '1.4.4',
56 silly addNameRange     '1.4.5-beta.0',
56 silly addNameRange     '1.4.5-beta.1',
56 silly addNameRange     '1.4.5-beta.2',
56 silly addNameRange     '1.4.5-beta.3',
56 silly addNameRange     '1.4.5',
56 silly addNameRange     '1.4.6-beta.0' ] ]
57 verbose addNamed [ 'ionic', '1.4.5' ]
58 verbose addNamed [ '1.4.5', '1.4.5' ]
59 silly lockFile f6624f4e-ionic-1-4-5 ionic@1.4.5
60 verbose lock ionic@1.4.5 /Users/miguel/.npm/f6624f4e-ionic-1-4-5.lock
61 silly lockFile 25f67a99-js-org-cordova-cordova-5-0-0-tgz https://registry.npmjs.org/cordova/-/cordova-5.0.0.tgz
62 verbose lock https://registry.npmjs.org/cordova/-/cordova-5.0.0.tgz /Users/miguel/.npm/25f67a99-js-org-cordova-cordova-5-0-0-tgz.lock
63 silly lockFile 37e8feca--npmjs-org-ionic-ionic-1-4-5-tgz https://registry.npmjs.org/ionic/-/ionic-1.4.5.tgz
64 verbose lock https://registry.npmjs.org/ionic/-/ionic-1.4.5.tgz /Users/miguel/.npm/37e8feca--npmjs-org-ionic-ionic-1-4-5-tgz.lock
65 verbose addRemoteTarball [ 'https://registry.npmjs.org/cordova/-/cordova-5.0.0.tgz',
65 verbose addRemoteTarball   '696907aff7c889beea4422b6c80e57558a905c05' ]
66 verbose addRemoteTarball [ 'https://registry.npmjs.org/ionic/-/ionic-1.4.5.tgz',
66 verbose addRemoteTarball   'def0d7eb8b67e1f8e97b8657ce5e2cae4786a6ed' ]
67 info retry fetch attempt 1 at 12:48:24
68 verbose fetch to= /var/folders/df/d7f6_hfn5xz9r4gkhzlztv080000gn/T/npm-1959-e1FVOh6N/registry.npmjs.org/cordova/-/cordova-5.0.0.tgz
69 http GET https://registry.npmjs.org/cordova/-/cordova-5.0.0.tgz
70 info retry fetch attempt 1 at 12:48:24
71 verbose fetch to= /var/folders/df/d7f6_hfn5xz9r4gkhzlztv080000gn/T/npm-1959-e1FVOh6N/registry.npmjs.org/ionic/-/ionic-1.4.5.tgz
72 http GET https://registry.npmjs.org/ionic/-/ionic-1.4.5.tgz
73 http 200 https://registry.npmjs.org/cordova/-/cordova-5.0.0.tgz
74 http 200 https://registry.npmjs.org/ionic/-/ionic-1.4.5.tgz
75 silly lockFile 25f67a99-js-org-cordova-cordova-5-0-0-tgz https://registry.npmjs.org/cordova/-/cordova-5.0.0.tgz
76 silly lockFile 25f67a99-js-org-cordova-cordova-5-0-0-tgz https://registry.npmjs.org/cordova/-/cordova-5.0.0.tgz
77 silly lockFile b67265a5-cordova-5-0-0 cordova@5.0.0
78 silly lockFile b67265a5-cordova-5-0-0 cordova@5.0.0
79 silly lockFile de8d9fad-cordova cordova@
80 silly lockFile de8d9fad-cordova cordova@
81 silly lockFile 37e8feca--npmjs-org-ionic-ionic-1-4-5-tgz https://registry.npmjs.org/ionic/-/ionic-1.4.5.tgz
82 silly lockFile 37e8feca--npmjs-org-ionic-ionic-1-4-5-tgz https://registry.npmjs.org/ionic/-/ionic-1.4.5.tgz
83 silly lockFile f6624f4e-ionic-1-4-5 ionic@1.4.5
84 silly lockFile f6624f4e-ionic-1-4-5 ionic@1.4.5
85 silly lockFile 966fc04a-ionic ionic@
86 silly lockFile 966fc04a-ionic ionic@
87 silly resolved [ { name: 'cordova',
87 silly resolved     version: '5.0.0',
87 silly resolved     preferGlobal: 'true',
87 silly resolved     description: 'Cordova command line interface tool',
87 silly resolved     main: 'cordova',
87 silly resolved     engines: { node: '>=0.9.9' },
87 silly resolved     engineStrict: true,
87 silly resolved     bin: { cordova: './bin/cordova' },
87 silly resolved     scripts:
87 silly resolved      { test: 'node node_modules/jasmine-node/bin/jasmine-node --captureExceptions --color spec',
87 silly resolved        cover: 'node node_modules/istanbul/lib/cli.js cover --root src --print detail node_modules/jasmine-node/bin/jasmine-node -- spec' },
87 silly resolved     repository:
87 silly resolved      { type: 'git',
87 silly resolved        url: 'https://git-wip-us.apache.org/repos/asf/cordova-cli.git' },
87 silly resolved     bugs:
87 silly resolved      { url: 'https://issues.apache.org/jira/browse/CB',
87 silly resolved        email: 'dev@cordova.apache.org' },
87 silly resolved     keywords: [ 'cordova', 'client', 'cli' ],
87 silly resolved     dependencies:
87 silly resolved      { 'cordova-lib': '5.0.0',
87 silly resolved        q: '1.0.1',
87 silly resolved        nopt: '3.0.1',
87 silly resolved        underscore: '1.7.0' },
87 silly resolved     devDependencies:
87 silly resolved      { istanbul: '^0.3.4',
87 silly resolved        grunt: '0.4.5',
87 silly resolved        'grunt-retire': '0.3.7',
87 silly resolved        'jasmine-node': '1.14.5' },
87 silly resolved     author: { name: 'Anis Kadri' },
87 silly resolved     contributors:
87 silly resolved      [ [Object],
87 silly resolved        [Object],
87 silly resolved        [Object],
87 silly resolved        [Object],
87 silly resolved        [Object],
87 silly resolved        [Object],
87 silly resolved        [Object],
87 silly resolved        [Object],
87 silly resolved        [Object],
87 silly resolved        [Object],
87 silly resolved        [Object],
87 silly resolved        [Object],
87 silly resolved        [Object],
87 silly resolved        [Object],
87 silly resolved        [Object],
87 silly resolved        [Object],
87 silly resolved        [Object],
87 silly resolved        [Object],
87 silly resolved        [Object],
87 silly resolved        [Object],
87 silly resolved        [Object],
87 silly resolved        [Object],
87 silly resolved        [Object],
87 silly resolved        [Object] ],
87 silly resolved     license: 'Apache version 2.0',
87 silly resolved     _id: 'cordova@5.0.0',
87 silly resolved     _shasum: '696907aff7c889beea4422b6c80e57558a905c05',
87 silly resolved     _resolved: 'https://registry.npmjs.org/cordova/-/cordova-5.0.0.tgz',
87 silly resolved     _from: 'cordova@',
87 silly resolved     _npmVersion: '2.7.0',
87 silly resolved     _nodeVersion: '0.10.36',
87 silly resolved     _npmUser: { name: 'stevegill', email: 'stevengill97@gmail.com' },
87 silly resolved     maintainers:
87 silly resolved      [ [Object],
87 silly resolved        [Object],
87 silly resolved        [Object],
87 silly resolved        [Object],
87 silly resolved        [Object],
87 silly resolved        [Object],
87 silly resolved        [Object],
87 silly resolved        [Object],
87 silly resolved        [Object],
87 silly resolved        [Object],
87 silly resolved        [Object],
87 silly resolved        [Object],
87 silly resolved        [Object],
87 silly resolved        [Object],
87 silly resolved        [Object],
87 silly resolved        [Object] ],
87 silly resolved     dist:
87 silly resolved      { shasum: '696907aff7c889beea4422b6c80e57558a905c05',
87 silly resolved        tarball: 'http://registry.npmjs.org/cordova/-/cordova-5.0.0.tgz' },
87 silly resolved     directories: {} },
87 silly resolved   { name: 'ionic',
87 silly resolved     version: '1.4.5',
87 silly resolved     preferGlobal: true,
87 silly resolved     description: 'A tool for creating and developing Ionic Framework mobile apps.',
87 silly resolved     homepage: 'http://ionicframework.com/',
87 silly resolved     bin: { ionic: 'bin/ionic' },
87 silly resolved     scripts:
87 silly resolved      { bump: 'node lib/tasks/bumpversion',
87 silly resolved        'beta-bump': 'node lib/tasks/bumpversion --level pre --identifier beta',
87 silly resolved        'publish-release': 'node lib/tasks/bumpversion --npmPublish',
87 silly resolved        'publish-tag': 'node lib/tasks/bumpversion --level beta --npmPublishTag',
87 silly resolved        'full-release': 'node lib/tasks/bumpversion --npmInstall --git --npmPublish',
87 silly resolved        test: 'npm run jasmine',
87 silly resolved        e2e: 'jasmine-node --captureExceptions ./e2e',
87 silly resolved        jasmine: 'jasmine-node --captureExceptions  ./spec' },
87 silly resolved     keywords:
87 silly resolved      [ 'ionic',
87 silly resolved        'ionic framework',
87 silly resolved        'ionicframework',
87 silly resolved        'mobile',
87 silly resolved        'app',
87 silly resolved        'hybrid',
87 silly resolved        'cordova',
87 silly resolved        'phonegap' ],
87 silly resolved     repository:
87 silly resolved      { type: 'git',
87 silly resolved        url: 'https://github.com/driftyco/ionic-cli.git' },
87 silly resolved     contributors: [ [Object], [Object], [Object], [Object] ],
87 silly resolved     license: 'MIT',
87 silly resolved     dependencies:
87 silly resolved      { archiver: '0.5.1',
87 silly resolved        async: '^0.9.0',
87 silly resolved        cheerio: '^0.19.0',
87 silly resolved        'cli-table': '^0.3.1',
87 silly resolved        colors: '0.6.2',
87 silly resolved        connect: '3.1.1',
87 silly resolved        'connect-livereload': '0.5.2',
87 silly resolved        crc: '3.2.1',
87 silly resolved        'cross-spawn': '0.2.3',
87 silly resolved        'event-stream': '3.0.x',
87 silly resolved        finalhandler: '0.2.0',
87 silly resolved        'form-data': '0.1.4',
87 silly resolved        gulp: '3.8.8',
87 silly resolved        'ionic-app-lib': '0.0.22',
87 silly resolved        ncp: '0.4.2',
87 silly resolved        npm: '2.1.3',
87 silly resolved        'opbeat-ionic': '^1.1.3',
87 silly resolved        open: '0.0.5',
87 silly resolved        optimist: '0.6.0',
87 silly resolved        progress: '1.1.7',
87 silly resolved        prompt: '0.2.12',
87 silly resolved        'proxy-middleware': '^0.7.0',
87 silly resolved        q: '1.0.1',
87 silly resolved        request: '2.51.0',
87 silly resolved        semver: '^4.2.0',
87 silly resolved        'serve-static': '1.7.1',
87 silly resolved        shelljs: '0.2.6',
87 silly resolved        'tiny-lr-fork': '0.0.5',
87 silly resolved        underscore: '~1.7.0',
87 silly resolved        unzip: '0.1.9',
87 silly resolved        'vinyl-fs': '0.3.7',
87 silly resolved        xml2js: '0.4.4' },
87 silly resolved     devDependencies: { 'jasmine-node': '^1.14.5' },
87 silly resolved     gitHead: '4da736396f7c1a23b15716c62839ba5f411b4d8e',
87 silly resolved     bugs: { url: 'https://github.com/driftyco/ionic-cli/issues' },
87 silly resolved     _id: 'ionic@1.4.5',
87 silly resolved     _shasum: 'def0d7eb8b67e1f8e97b8657ce5e2cae4786a6ed',
87 silly resolved     _from: 'ionic@',
87 silly resolved     _npmVersion: '2.5.1',
87 silly resolved     _nodeVersion: '0.10.33',
87 silly resolved     _npmUser: { name: 'jbavari', email: 'jbavari@gmail.com' },
87 silly resolved     dist:
87 silly resolved      { shasum: 'def0d7eb8b67e1f8e97b8657ce5e2cae4786a6ed',
87 silly resolved        tarball: 'http://registry.npmjs.org/ionic/-/ionic-1.4.5.tgz' },
87 silly resolved     maintainers: [ [Object], [Object], [Object] ],
87 silly resolved     directories: {},
87 silly resolved     _resolved: 'https://registry.npmjs.org/ionic/-/ionic-1.4.5.tgz' } ]
88 info install cordova@5.0.0 into /usr/local/lib
89 info install ionic@1.4.5 into /usr/local/lib
90 info installOne cordova@5.0.0
91 info installOne ionic@1.4.5
92 verbose lib/node_modules/cordova unbuild
93 verbose lib/node_modules/ionic unbuild
94 verbose tar unpack /Users/miguel/.npm/cordova/5.0.0/package.tgz
95 silly lockFile 9557e84b-r-local-lib-node-modules-cordova tar:///usr/local/lib/node_modules/cordova
96 verbose lock tar:///usr/local/lib/node_modules/cordova /Users/miguel/.npm/9557e84b-r-local-lib-node-modules-cordova.lock
97 silly lockFile 13cb49ef-el-npm-cordova-5-0-0-package-tgz tar:///Users/miguel/.npm/cordova/5.0.0/package.tgz
98 verbose lock tar:///Users/miguel/.npm/cordova/5.0.0/package.tgz /Users/miguel/.npm/13cb49ef-el-npm-cordova-5-0-0-package-tgz.lock
99 verbose tar unpack /Users/miguel/.npm/ionic/1.4.5/package.tgz
100 silly lockFile 49903aa3-usr-local-lib-node-modules-ionic tar:///usr/local/lib/node_modules/ionic
101 verbose lock tar:///usr/local/lib/node_modules/ionic /Users/miguel/.npm/49903aa3-usr-local-lib-node-modules-ionic.lock
102 silly lockFile 52eab972-guel-npm-ionic-1-4-5-package-tgz tar:///Users/miguel/.npm/ionic/1.4.5/package.tgz
103 verbose lock tar:///Users/miguel/.npm/ionic/1.4.5/package.tgz /Users/miguel/.npm/52eab972-guel-npm-ionic-1-4-5-package-tgz.lock
104 silly gunzTarPerm modes [ '755', '644' ]
105 silly gunzTarPerm modes [ '755', '644' ]
106 error Error: EACCES, mkdir '/usr/local/lib/node_modules/cordova'
106 error  { [Error: EACCES, mkdir '/usr/local/lib/node_modules/cordova']
106 error   errno: 3,
106 error   code: 'EACCES',
106 error   path: '/usr/local/lib/node_modules/cordova',
106 error   fstream_type: 'Directory',
106 error   fstream_path: '/usr/local/lib/node_modules/cordova',
106 error   fstream_class: 'DirWriter',
106 error   fstream_stack:
106 error    [ '/usr/local/lib/node_modules/npm/node_modules/fstream/lib/dir-writer.js:36:23',
106 error      '/usr/local/lib/node_modules/npm/node_modules/mkdirp/index.js:46:53',
106 error      'Object.oncomplete (fs.js:107:15)' ] }
107 error Please try running this command again as root/Administrator.
108 error System Darwin 13.4.0
109 error command "node" "/usr/local/bin/npm" "install" "-g" "cordova" "ionic"
110 error cwd /Users/miguel/Diinner
111 error node -v v0.10.32
112 error npm -v 1.4.28
113 error path /usr/local/lib/node_modules/cordova
114 error fstream_path /usr/local/lib/node_modules/cordova
115 error fstream_type Directory
116 error fstream_class DirWriter
117 error code EACCES
118 error errno 3
119 error stack Error: EACCES, mkdir '/usr/local/lib/node_modules/cordova'
120 error fstream_stack /usr/local/lib/node_modules/npm/node_modules/fstream/lib/dir-writer.js:36:23
120 error fstream_stack /usr/local/lib/node_modules/npm/node_modules/mkdirp/index.js:46:53
120 error fstream_stack Object.oncomplete (fs.js:107:15)
121 verbose exit [ 3, true ]
