2016/01/10 19:05:48.214234 [/Users/nick/Work/gopath/src/github.com/burke/zeus/go/processtree/slavenode.go:184] boot/(no PID) in unbooted state
2016/01/10 19:05:48.214754 [/Users/nick/Work/gopath/src/github.com/burke/zeus/go/processtree/slavenode.go:372] boot/(no PID) running the root command now
2016/01/10 19:05:48.993048 [/Users/nick/Work/gopath/src/github.com/burke/zeus/go/processtree/slavenode.go:217] boot/(9582) in booting state
2016/01/10 19:05:48.993071 [/Users/nick/Work/gopath/src/github.com/burke/zeus/go/processtree/slavenode.go:258] boot/(9582) entered state SReady
2016/01/10 19:05:48.993246 [/Users/nick/Work/gopath/src/github.com/burke/zeus/go/processtree/slavenode.go:174] default_bundle/(no PID) my parent is ready now
2016/01/10 19:05:48.993262 [/Users/nick/Work/gopath/src/github.com/burke/zeus/go/processtree/slavenode.go:184] default_bundle/(no PID) in unbooted state
2016/01/10 19:05:48.993348 [/Users/nick/Work/gopath/src/github.com/burke/zeus/go/processtree/slavenode.go:277] boot/(9582) now sending slave boot request to default_bundle
2016/01/10 19:05:50.398970 [/Users/nick/Work/gopath/src/github.com/burke/zeus/go/processtree/slavenode.go:217] default_bundle/(9583) in booting state
2016/01/10 19:05:50.398988 [/Users/nick/Work/gopath/src/github.com/burke/zeus/go/processtree/slavenode.go:258] default_bundle/(9583) entered state SReady
2016/01/10 19:05:50.399151 [/Users/nick/Work/gopath/src/github.com/burke/zeus/go/processtree/slavenode.go:174] development_environment/(no PID) my parent is ready now
2016/01/10 19:05:50.399163 [/Users/nick/Work/gopath/src/github.com/burke/zeus/go/processtree/slavenode.go:184] development_environment/(no PID) in unbooted state
2016/01/10 19:05:50.399170 [/Users/nick/Work/gopath/src/github.com/burke/zeus/go/processtree/slavenode.go:174] test_environment/(no PID) my parent is ready now
2016/01/10 19:05:50.399180 [/Users/nick/Work/gopath/src/github.com/burke/zeus/go/processtree/slavenode.go:184] test_environment/(no PID) in unbooted state
2016/01/10 19:05:50.399324 [/Users/nick/Work/gopath/src/github.com/burke/zeus/go/processtree/slavenode.go:277] default_bundle/(9583) now sending slave boot request to development_environment
2016/01/10 19:05:50.399338 [/Users/nick/Work/gopath/src/github.com/burke/zeus/go/processtree/slavenode.go:277] default_bundle/(9583) now sending slave boot request to test_environment
2016/01/10 19:05:51.035027 [/Users/nick/Work/gopath/src/github.com/burke/zeus/go/processtree/slavenode.go:217] development_environment/(9584) in booting state
2016/01/10 19:05:51.035045 [/Users/nick/Work/gopath/src/github.com/burke/zeus/go/processtree/slavenode.go:258] development_environment/(9584) entered state SReady
2016/01/10 19:05:51.035206 [/Users/nick/Work/gopath/src/github.com/burke/zeus/go/processtree/slavenode.go:174] prerake/(no PID) my parent is ready now
2016/01/10 19:05:51.035228 [/Users/nick/Work/gopath/src/github.com/burke/zeus/go/processtree/slavenode.go:184] prerake/(no PID) in unbooted state
2016/01/10 19:05:51.035321 [/Users/nick/Work/gopath/src/github.com/burke/zeus/go/processtree/slavenode.go:277] development_environment/(9584) now sending slave boot request to prerake
2016/01/10 19:05:51.040819 [/Users/nick/Work/gopath/src/github.com/burke/zeus/go/processtree/slavenode.go:217] prerake/(9586) in booting state
2016/01/10 19:05:51.040833 [/Users/nick/Work/gopath/src/github.com/burke/zeus/go/processtree/slavenode.go:258] prerake/(9586) entered state SReady
2016/01/10 19:05:51.137137 [/Users/nick/Work/gopath/src/github.com/burke/zeus/go/processtree/slavenode.go:217] test_environment/(9585) in booting state
2016/01/10 19:05:51.137156 [/Users/nick/Work/gopath/src/github.com/burke/zeus/go/processtree/slavenode.go:258] test_environment/(9585) entered state SReady
2016/01/10 19:05:51.137361 [/Users/nick/Work/gopath/src/github.com/burke/zeus/go/processtree/slavenode.go:174] test_helper/(no PID) my parent is ready now
2016/01/10 19:05:51.137376 [/Users/nick/Work/gopath/src/github.com/burke/zeus/go/processtree/slavenode.go:184] test_helper/(no PID) in unbooted state
2016/01/10 19:05:51.137383 [/Users/nick/Work/gopath/src/github.com/burke/zeus/go/processtree/slavenode.go:174] cucumber_environment/(no PID) my parent is ready now
2016/01/10 19:05:51.137410 [/Users/nick/Work/gopath/src/github.com/burke/zeus/go/processtree/slavenode.go:184] cucumber_environment/(no PID) in unbooted state
2016/01/10 19:05:51.137553 [/Users/nick/Work/gopath/src/github.com/burke/zeus/go/processtree/slavenode.go:277] test_environment/(9585) now sending slave boot request to test_helper
2016/01/10 19:05:51.137567 [/Users/nick/Work/gopath/src/github.com/burke/zeus/go/processtree/slavenode.go:277] test_environment/(9585) now sending slave boot request to cucumber_environment
2016/01/10 19:05:51.227473 [/Users/nick/Work/gopath/src/github.com/burke/zeus/go/processtree/slavenode.go:217] test_helper/(9587) in booting state
2016/01/10 19:05:51.227489 [/Users/nick/Work/gopath/src/github.com/burke/zeus/go/processtree/slavenode.go:258] test_helper/(9587) entered state SReady
2016/01/10 19:05:51.354908 [/Users/nick/Work/gopath/src/github.com/burke/zeus/go/processtree/slavenode.go:217] cucumber_environment/(9588) in booting state
2016/01/10 19:05:51.354925 [/Users/nick/Work/gopath/src/github.com/burke/zeus/go/processtree/slavenode.go:258] cucumber_environment/(9588) entered state SReady
2016/01/10 19:06:01.367988 [/Users/nick/Work/gopath/src/github.com/burke/zeus/go/processtree/slavenode.go:282] test_helper/(9587) now sending command boot request &{test 0xc2102c1900}
2016/01/10 19:06:30.961130 [/Users/nick/Work/gopath/src/github.com/burke/zeus/go/processtree/slavenode.go:282] test_helper/(9587) now sending command boot request &{test 0xc2102c1a20}
2016/01/10 19:06:38.321344 [/Users/nick/Work/gopath/src/github.com/burke/zeus/go/processtree/slavenode.go:282] test_helper/(9587) now sending command boot request &{test 0xc2102c1c00}
2016/01/10 19:06:43.140834 [/Users/nick/Work/gopath/src/github.com/burke/zeus/go/processtree/slavenode.go:282] test_helper/(9587) now sending command boot request &{test 0xc2102c1d20}
2016/01/10 19:06:47.059672 [/Users/nick/Work/gopath/src/github.com/burke/zeus/go/processtree/slavenode.go:282] test_helper/(9587) now sending command boot request &{test 0xc2102c1e40}
2016/01/10 19:06:57.522123 [/Users/nick/Work/gopath/src/github.com/burke/zeus/go/processtree/slavenode.go:282] test_helper/(9587) now sending command boot request &{test 0xc2102c1f60}
2016/01/10 19:07:04.676054 [/Users/nick/Work/gopath/src/github.com/burke/zeus/go/processtree/slavenode.go:282] test_helper/(9587) now sending command boot request &{test 0xc2102d50c0}
2016/01/10 19:07:07.068196 [/Users/nick/Work/gopath/src/github.com/burke/zeus/go/processtree/slavenode.go:282] test_helper/(9587) now sending command boot request &{test 0xc2102d51e0}
2016/01/10 19:07:11.642690 [/Users/nick/Work/gopath/src/github.com/burke/zeus/go/processtree/slavenode.go:282] test_helper/(9587) now sending command boot request &{test 0xc2102d5300}
2016/01/10 19:07:16.024627 [/Users/nick/Work/gopath/src/github.com/burke/zeus/go/processtree/slavenode.go:282] test_helper/(9587) now sending command boot request &{test 0xc2102d5420}
2016/01/10 19:07:33.226278 [/Users/nick/Work/gopath/src/github.com/burke/zeus/go/processtree/slavenode.go:282] test_helper/(9587) now sending command boot request &{test 0xc2102d5540}
2016/01/10 19:07:38.259007 [/Users/nick/Work/gopath/src/github.com/burke/zeus/go/processtree/slavenode.go:282] test_helper/(9587) now sending command boot request &{test 0xc2102d5660}
2016/01/10 20:37:37.084429 [/Users/nick/Work/gopath/src/github.com/burke/zeus/go/processtree/slavenode.go:282] test_helper/(9587) now sending command boot request &{test 0xc2102d5900}
2016/01/10 20:38:20.516753 [/Users/nick/Work/gopath/src/github.com/burke/zeus/go/processtree/slavenode.go:282] test_helper/(9587) now sending command boot request &{test 0xc2102d5a20}
2016/01/10 20:38:58.811404 [/Users/nick/Work/gopath/src/github.com/burke/zeus/go/processtree/slavenode.go:282] test_helper/(9587) now sending command boot request &{test 0xc2102d5b40}
2016/01/10 20:39:29.300386 [/Users/nick/Work/gopath/src/github.com/burke/zeus/go/processtree/slavenode.go:282] test_helper/(9587) now sending command boot request &{test 0xc2102d5c60}
2016/01/10 20:41:53.757424 [/Users/nick/Work/gopath/src/github.com/burke/zeus/go/processtree/slavenode.go:282] test_helper/(9587) now sending command boot request &{test 0xc2102d5d80}
2016/01/10 20:42:28.105922 [/Users/nick/Work/gopath/src/github.com/burke/zeus/go/processtree/slavenode.go:282] test_helper/(9587) now sending command boot request &{test 0xc2102d5ea0}
2016/01/10 20:42:51.183389 [/Users/nick/Work/gopath/src/github.com/burke/zeus/go/processtree/slavenode.go:282] test_helper/(9587) now sending command boot request &{test 0xc2102d5cc0}
2016/01/10 20:43:00.178737 [/Users/nick/Work/gopath/src/github.com/burke/zeus/go/processtree/slavenode.go:282] test_helper/(9587) now sending command boot request &{test 0xc2102d59c0}
2016/01/10 20:43:04.787718 [/Users/nick/Work/gopath/src/github.com/burke/zeus/go/processtree/slavenode.go:282] test_helper/(9587) now sending command boot request &{test 0xc2102d5ae0}
2016/01/10 20:44:55.983673 [/Users/nick/Work/gopath/src/github.com/burke/zeus/go/processtree/slavenode.go:282] test_helper/(9587) now sending command boot request &{test 0xc2102d5960}
2016/01/10 20:45:02.372569 [/Users/nick/Work/gopath/src/github.com/burke/zeus/go/processtree/slavenode.go:282] test_helper/(9587) now sending command boot request &{test 0xc2102d56c0}
