[2016/03/09 13:11:56][info] Performing Backup for 'Description for my_backup (my_backup)'!
[2016/03/09 13:11:56][info] [ backup 3.4.0 : ruby 2.2.1p85 (2015-02-26 revision 49769) [x86_64-linux] ]
[2016/03/09 13:11:56][info] Database::MongoDB Started...
[2016/03/09 13:11:56][info] Running system utility 'mongodump'...
[2016/03/09 13:11:56][info] Using Compressor::Gzip for compression.
[2016/03/09 13:11:56][info]   Command: '/bin/gzip'
[2016/03/09 13:11:56][info]   Ext: '.gz'
[2016/03/09 13:11:56][info] Database::MongoDB Finished!
[2016/03/09 13:11:56][info] Packaging the backup files...
[2016/03/09 13:11:56][info] Splitter configured with a chunk size of 250MB.
[2016/03/09 13:11:56][info] Packaging Complete!
[2016/03/09 13:11:56][info] Cleaning up the temporary files...
[2016/03/09 13:11:56][info] Cleaning up the package files...
[2016/03/09 13:11:56][info] Backup for 'Description for my_backup (my_backup)' Completed Successfully in 00:00:00
[2016/03/09 13:13:10][info] Performing Backup for 'Description for my_backup (my_backup)'!
[2016/03/09 13:13:10][info] [ backup 3.4.0 : ruby 2.2.1p85 (2015-02-26 revision 49769) [x86_64-linux] ]
[2016/03/09 13:13:10][info] Database::MongoDB Started...
[2016/03/09 13:13:10][info] Running system utility 'mongodump'...
[2016/03/09 13:13:10][info] Using Compressor::Gzip for compression.
[2016/03/09 13:13:10][info]   Command: '/bin/gzip'
[2016/03/09 13:13:10][info]   Ext: '.gz'
[2016/03/09 13:13:10][info] Database::MongoDB Finished!
[2016/03/09 13:13:10][info] Packaging the backup files...
[2016/03/09 13:13:10][info] Splitter configured with a chunk size of 250MB.
[2016/03/09 13:13:10][info] Packaging Complete!
[2016/03/09 13:13:10][info] Cleaning up the temporary files...
[2016/03/09 13:13:10][info] Cleaning up the package files...
[2016/03/09 13:13:10][info] Backup for 'Description for my_backup (my_backup)' Completed Successfully in 00:00:00
[2016/03/09 13:14:18][info] Performing Backup for 'Description for my_backup (my_backup)'!
[2016/03/09 13:14:18][info] [ backup 3.4.0 : ruby 2.2.1p85 (2015-02-26 revision 49769) [x86_64-linux] ]
[2016/03/09 13:14:18][info] Database::MongoDB Started...
[2016/03/09 13:14:18][info] Running system utility 'mongodump'...
[2016/03/09 13:14:18][info] Using Compressor::Gzip for compression.
[2016/03/09 13:14:18][info]   Command: '/bin/gzip'
[2016/03/09 13:14:18][info]   Ext: '.gz'
[2016/03/09 13:14:18][info] Database::MongoDB Finished!
[2016/03/09 13:14:18][info] Packaging the backup files...
[2016/03/09 13:14:18][info] Splitter configured with a chunk size of 250MB.
[2016/03/09 13:14:18][info] Packaging Complete!
[2016/03/09 13:14:18][info] Cleaning up the temporary files...
[2016/03/09 13:14:18][info] Storage::Local Started...
[2016/03/09 13:14:18][info] Storing '/home/dorgroi/backups/my_backup/2016.03.09.13.14.18/my_backup.tar'...
[2016/03/09 13:14:18][info] Cycling Started...
[2016/03/09 13:14:18][info] Storage::Local Finished!
[2016/03/09 13:14:18][info] Cleaning up the package files...
[2016/03/09 13:14:18][info] Backup for 'Description for my_backup (my_backup)' Completed Successfully in 00:00:00
[2016/03/09 13:16:32][info] Performing Backup for 'Description for my_backup (my_backup)'!
[2016/03/09 13:16:32][info] [ backup 3.4.0 : ruby 2.2.1p85 (2015-02-26 revision 49769) [x86_64-linux] ]
[2016/03/09 13:16:32][info] Database::MongoDB Started...
[2016/03/09 13:16:32][info] Running system utility 'mongodump'...
[2016/03/09 13:16:32][error] ModelError: Backup for Description for my_backup (my_backup) Failed!
[2016/03/09 13:16:32][error]   An Error occured which has caused this Backup to abort before completion.
[2016/03/09 13:16:32][error]   Reason: Utilities::SystemCallError
[2016/03/09 13:16:32][error]   'mongodump' Failed on x86_64-linux
[2016/03/09 13:16:32][error]   The following information should help to determine the problem:
[2016/03/09 13:16:32][error]   Command was: /usr/bin/mongodump --db='diinner_development'  --host='localhost' --port='27017'    --out='/home/dorgroi/Projects/crowtec/others/diinner/backup/.tmp/my_backup/databases/MongoDB' --collection='restaurants'
[2016/03/09 13:16:32][error]   Exit Status: 1
[2016/03/09 13:16:32][error]   STDOUT Messages: None
[2016/03/09 13:16:32][error]   STDERR Messages: 
[2016/03/09 13:16:32][error]   2016-03-09T13:16:32.561+0100	writing diinner_development.restaurants to /home/dorgroi/Projects/crowtec/others/diinner/backup/.tmp/my_backup/databases/MongoDB/diinner_development/restaurants.bson
[2016/03/09 13:16:32][error]   2016-03-09T13:16:32.583+0100	writing diinner_development.restaurants metadata to /home/dorgroi/Projects/crowtec/others/diinner/backup/.tmp/my_backup/databases/MongoDB/diinner_development/restaurants.metadata.json
[2016/03/09 13:16:32][error]   2016-03-09T13:16:32.584+0100	Failed: error running `listIndexes`. Collection: `diinner_development.restaurants` Err: no database
[2016/03/09 13:16:32][error] 
[2016/03/09 13:16:32][error] Backtrace:
[2016/03/09 13:16:32][error]   /usr/local/lib/ruby/gems/2.2.0/gems/backup-3.4.0/lib/backup/utilities.rb:209:in `run'
[2016/03/09 13:16:32][error]   /usr/local/lib/ruby/gems/2.2.0/gems/backup-3.4.0/lib/backup/utilities.rb:230:in `block (2 levels) in <module:Helpers>'
[2016/03/09 13:16:32][error]   /usr/local/lib/ruby/gems/2.2.0/gems/backup-3.4.0/lib/backup/database/mongodb.rb:80:in `block in dump!'
[2016/03/09 13:16:32][error]   /usr/local/lib/ruby/gems/2.2.0/gems/backup-3.4.0/lib/backup/database/mongodb.rb:79:in `each'
[2016/03/09 13:16:32][error]   /usr/local/lib/ruby/gems/2.2.0/gems/backup-3.4.0/lib/backup/database/mongodb.rb:79:in `dump!'
[2016/03/09 13:16:32][error]   /usr/local/lib/ruby/gems/2.2.0/gems/backup-3.4.0/lib/backup/database/mongodb.rb:60:in `perform!'
[2016/03/09 13:16:32][error]   /usr/local/lib/ruby/gems/2.2.0/gems/backup-3.4.0/lib/backup/model.rb:242:in `each'
[2016/03/09 13:16:32][error]   /usr/local/lib/ruby/gems/2.2.0/gems/backup-3.4.0/lib/backup/model.rb:242:in `block in perform!'
[2016/03/09 13:16:32][error]   /usr/local/lib/ruby/gems/2.2.0/gems/backup-3.4.0/lib/backup/model.rb:240:in `each'
[2016/03/09 13:16:32][error]   /usr/local/lib/ruby/gems/2.2.0/gems/backup-3.4.0/lib/backup/model.rb:240:in `perform!'
[2016/03/09 13:16:32][error]   /usr/local/lib/ruby/gems/2.2.0/gems/backup-3.4.0/lib/backup/cli.rb:163:in `block in perform'
[2016/03/09 13:16:32][error]   /usr/local/lib/ruby/gems/2.2.0/gems/backup-3.4.0/lib/backup/cli.rb:162:in `each'
[2016/03/09 13:16:32][error]   /usr/local/lib/ruby/gems/2.2.0/gems/backup-3.4.0/lib/backup/cli.rb:162:in `perform'
[2016/03/09 13:16:32][error]   /usr/local/lib/ruby/gems/2.2.0/gems/thor-0.19.1/lib/thor/command.rb:27:in `run'
[2016/03/09 13:16:32][error]   /usr/local/lib/ruby/gems/2.2.0/gems/thor-0.19.1/lib/thor/invocation.rb:126:in `invoke_command'
[2016/03/09 13:16:32][error]   /usr/local/lib/ruby/gems/2.2.0/gems/thor-0.19.1/lib/thor.rb:359:in `dispatch'
[2016/03/09 13:16:32][error]   /usr/local/lib/ruby/gems/2.2.0/gems/thor-0.19.1/lib/thor/base.rb:440:in `start'
[2016/03/09 13:16:32][error]   /usr/local/lib/ruby/gems/2.2.0/gems/backup-3.4.0/bin/backup:5:in `<top (required)>'
[2016/03/09 13:16:32][error]   /usr/local/bin/backup:23:in `load'
[2016/03/09 13:16:32][error]   /usr/local/bin/backup:23:in `<main>'
[2016/03/09 13:16:32][warn] CleanerError: Cleanup Warning
[2016/03/09 13:16:32][warn]   The temporary packaging folder still exists!
[2016/03/09 13:16:32][warn]   '/home/dorgroi/Projects/crowtec/others/diinner/backup/.tmp/my_backup'
[2016/03/09 13:16:32][warn]   This folder may contain completed Archives and/or Database backups.
[2016/03/09 13:16:32][warn]   
[2016/03/09 13:16:32][warn]   Make sure you check these files before the next scheduled backup for
[2016/03/09 13:16:32][warn]   'Description for my_backup (my_backup)'
[2016/03/09 13:16:32][warn]   These files will be removed at that time!
[2016/03/09 13:16:32][info] ModelError: If you have other Backup jobs (triggers) configured to run,
[2016/03/09 13:16:32][info]   Backup will now attempt to continue...
[2016/03/09 13:18:54][info] Performing Backup for 'Description for my_backup (my_backup)'!
[2016/03/09 13:18:54][info] [ backup 3.4.0 : ruby 2.2.1p85 (2015-02-26 revision 49769) [x86_64-linux] ]
[2016/03/09 13:18:54][warn] CleanerError: Cleanup Warning
[2016/03/09 13:18:54][warn]   The temporary packaging folder still exists!
[2016/03/09 13:18:54][warn]   '/home/dorgroi/Projects/crowtec/others/diinner/backup/.tmp/my_backup'
[2016/03/09 13:18:54][warn]   It will now be removed.
[2016/03/09 13:18:54][warn]   
[2016/03/09 13:18:54][warn]   Please check the log for messages and/or your notifications
[2016/03/09 13:18:54][warn]   concerning this backup: 'Description for my_backup (my_backup)'
[2016/03/09 13:18:54][warn]   The temporary files which had to be removed should not have existed.
[2016/03/09 13:18:54][info] Database::MongoDB Started...
[2016/03/09 13:18:54][info] Running system utility 'mongodump'...
[2016/03/09 13:18:54][warn] mongodump:STDERR: 2016-03-09T13:18:54.816+0100	writing dinner_development.system.indexes to /home/dorgroi/Projects/crowtec/others/diinner/backup/.tmp/my_backup/databases/MongoDB/dinner_development/system.indexes.bson
[2016/03/09 13:18:54][warn] mongodump:STDERR: 2016-03-09T13:18:54.816+0100	writing dinner_development.menus to /home/dorgroi/Projects/crowtec/others/diinner/backup/.tmp/my_backup/databases/MongoDB/dinner_development/menus.bson
[2016/03/09 13:18:54][warn] mongodump:STDERR: 2016-03-09T13:18:54.816+0100	writing dinner_development.blog_posts to /home/dorgroi/Projects/crowtec/others/diinner/backup/.tmp/my_backup/databases/MongoDB/dinner_development/blog_posts.bson
[2016/03/09 13:18:54][warn] mongodump:STDERR: 2016-03-09T13:18:54.816+0100	writing dinner_development.tests to /home/dorgroi/Projects/crowtec/others/diinner/backup/.tmp/my_backup/databases/MongoDB/dinner_development/tests.bson
[2016/03/09 13:18:54][warn] mongodump:STDERR: 2016-03-09T13:18:54.816+0100	writing dinner_development.public_activity_orm_mongoid_activities to /home/dorgroi/Projects/crowtec/others/diinner/backup/.tmp/my_backup/databases/MongoDB/dinner_development/public_activity_orm_mongoid_activities.bson
[2016/03/09 13:18:54][warn] mongodump:STDERR: 2016-03-09T13:18:54.816+0100	writing dinner_development.preferences to /home/dorgroi/Projects/crowtec/others/diinner/backup/.tmp/my_backup/databases/MongoDB/dinner_development/preferences.bson
[2016/03/09 13:18:54][warn] mongodump:STDERR: 2016-03-09T13:18:54.816+0100	writing dinner_development.admin_settings to /home/dorgroi/Projects/crowtec/others/diinner/backup/.tmp/my_backup/databases/MongoDB/dinner_development/admin_settings.bson
[2016/03/09 13:18:54][warn] mongodump:STDERR: 2016-03-09T13:18:54.817+0100	writing dinner_development.payments to /home/dorgroi/Projects/crowtec/others/diinner/backup/.tmp/my_backup/databases/MongoDB/dinner_development/payments.bson
[2016/03/09 13:18:54][warn] mongodump:STDERR: 2016-03-09T13:18:54.817+0100	writing dinner_development.tables to /home/dorgroi/Projects/crowtec/others/diinner/backup/.tmp/my_backup/databases/MongoDB/dinner_development/tables.bson
[2016/03/09 13:18:54][warn] mongodump:STDERR: 2016-03-09T13:18:54.818+0100	writing dinner_development.admin_settings metadata to /home/dorgroi/Projects/crowtec/others/diinner/backup/.tmp/my_backup/databases/MongoDB/dinner_development/admin_settings.metadata.json
[2016/03/09 13:18:54][warn] mongodump:STDERR: 2016-03-09T13:18:54.818+0100	done dumping dinner_development.admin_settings (3 documents)
[2016/03/09 13:18:54][warn] mongodump:STDERR: 2016-03-09T13:18:54.818+0100	writing dinner_development.reservations to /home/dorgroi/Projects/crowtec/others/diinner/backup/.tmp/my_backup/databases/MongoDB/dinner_development/reservations.bson
[2016/03/09 13:18:54][warn] mongodump:STDERR: 2016-03-09T13:18:54.851+0100	writing dinner_development.menus metadata to /home/dorgroi/Projects/crowtec/others/diinner/backup/.tmp/my_backup/databases/MongoDB/dinner_development/menus.metadata.json
[2016/03/09 13:18:54][warn] mongodump:STDERR: 2016-03-09T13:18:54.852+0100	done dumping dinner_development.menus (2 documents)
[2016/03/09 13:18:54][warn] mongodump:STDERR: 2016-03-09T13:18:54.852+0100	writing dinner_development.users to /home/dorgroi/Projects/crowtec/others/diinner/backup/.tmp/my_backup/databases/MongoDB/dinner_development/users.bson
[2016/03/09 13:18:54][warn] mongodump:STDERR: 2016-03-09T13:18:54.855+0100	writing dinner_development.preferences metadata to /home/dorgroi/Projects/crowtec/others/diinner/backup/.tmp/my_backup/databases/MongoDB/dinner_development/preferences.metadata.json
[2016/03/09 13:18:54][warn] mongodump:STDERR: 2016-03-09T13:18:54.888+0100	done dumping dinner_development.preferences (2 documents)
[2016/03/09 13:18:54][warn] mongodump:STDERR: 2016-03-09T13:18:54.888+0100	writing dinner_development.tests metadata to /home/dorgroi/Projects/crowtec/others/diinner/backup/.tmp/my_backup/databases/MongoDB/dinner_development/tests.metadata.json
[2016/03/09 13:18:54][warn] mongodump:STDERR: 2016-03-09T13:18:54.889+0100	writing dinner_development.users metadata to /home/dorgroi/Projects/crowtec/others/diinner/backup/.tmp/my_backup/databases/MongoDB/dinner_development/users.metadata.json
[2016/03/09 13:18:54][warn] mongodump:STDERR: 2016-03-09T13:18:54.889+0100	writing dinner_development.reservations metadata to /home/dorgroi/Projects/crowtec/others/diinner/backup/.tmp/my_backup/databases/MongoDB/dinner_development/reservations.metadata.json
[2016/03/09 13:18:54][warn] mongodump:STDERR: 2016-03-09T13:18:54.889+0100	writing dinner_development.tables metadata to /home/dorgroi/Projects/crowtec/others/diinner/backup/.tmp/my_backup/databases/MongoDB/dinner_development/tables.metadata.json
[2016/03/09 13:18:54][warn] mongodump:STDERR: 2016-03-09T13:18:54.889+0100	writing dinner_development.home_items to /home/dorgroi/Projects/crowtec/others/diinner/backup/.tmp/my_backup/databases/MongoDB/dinner_development/home_items.bson
[2016/03/09 13:18:54][warn] mongodump:STDERR: 2016-03-09T13:18:54.889+0100	writing dinner_development.payments metadata to /home/dorgroi/Projects/crowtec/others/diinner/backup/.tmp/my_backup/databases/MongoDB/dinner_development/payments.metadata.json
[2016/03/09 13:18:54][warn] mongodump:STDERR: 2016-03-09T13:18:54.889+0100	done dumping dinner_development.users (2 documents)
[2016/03/09 13:18:54][warn] mongodump:STDERR: 2016-03-09T13:18:54.889+0100	writing dinner_development.public_activity_orm_mongoid_activities metadata to /home/dorgroi/Projects/crowtec/others/diinner/backup/.tmp/my_backup/databases/MongoDB/dinner_development/public_activity_orm_mongoid_activities.metadata.json
[2016/03/09 13:18:54][warn] mongodump:STDERR: 2016-03-09T13:18:54.889+0100	writing dinner_development.cities to /home/dorgroi/Projects/crowtec/others/diinner/backup/.tmp/my_backup/databases/MongoDB/dinner_development/cities.bson
[2016/03/09 13:18:54][warn] mongodump:STDERR: 2016-03-09T13:18:54.889+0100	done dumping dinner_development.tests (3 documents)
[2016/03/09 13:18:54][warn] mongodump:STDERR: 2016-03-09T13:18:54.889+0100	writing dinner_development.admins to /home/dorgroi/Projects/crowtec/others/diinner/backup/.tmp/my_backup/databases/MongoDB/dinner_development/admins.bson
[2016/03/09 13:18:54][warn] mongodump:STDERR: 2016-03-09T13:18:54.889+0100	done dumping dinner_development.public_activity_orm_mongoid_activities (96 documents)
[2016/03/09 13:18:54][warn] mongodump:STDERR: 2016-03-09T13:18:54.889+0100	writing dinner_development.restaurants to /home/dorgroi/Projects/crowtec/others/diinner/backup/.tmp/my_backup/databases/MongoDB/dinner_development/restaurants.bson
[2016/03/09 13:18:54][warn] mongodump:STDERR: 2016-03-09T13:18:54.889+0100	done dumping dinner_development.tables (4 documents)
[2016/03/09 13:18:54][warn] mongodump:STDERR: 2016-03-09T13:18:54.889+0100	done dumping dinner_development.reservations (2 documents)
[2016/03/09 13:18:54][warn] mongodump:STDERR: 2016-03-09T13:18:54.889+0100	done dumping dinner_development.payments (2 documents)
[2016/03/09 13:18:54][warn] mongodump:STDERR: 2016-03-09T13:18:54.894+0100	writing dinner_development.blog_posts metadata to /home/dorgroi/Projects/crowtec/others/diinner/backup/.tmp/my_backup/databases/MongoDB/dinner_development/blog_posts.metadata.json
[2016/03/09 13:18:54][warn] mongodump:STDERR: 2016-03-09T13:18:54.895+0100	done dumping dinner_development.blog_posts (3 documents)
[2016/03/09 13:18:54][warn] mongodump:STDERR: 2016-03-09T13:18:54.895+0100	writing dinner_development.cities metadata to /home/dorgroi/Projects/crowtec/others/diinner/backup/.tmp/my_backup/databases/MongoDB/dinner_development/cities.metadata.json
[2016/03/09 13:18:54][warn] mongodump:STDERR: 2016-03-09T13:18:54.896+0100	writing dinner_development.admins metadata to /home/dorgroi/Projects/crowtec/others/diinner/backup/.tmp/my_backup/databases/MongoDB/dinner_development/admins.metadata.json
[2016/03/09 13:18:54][warn] mongodump:STDERR: 2016-03-09T13:18:54.896+0100	done dumping dinner_development.cities (1 document)
[2016/03/09 13:18:54][warn] mongodump:STDERR: 2016-03-09T13:18:54.896+0100	done dumping dinner_development.admins (1 document)
[2016/03/09 13:18:54][warn] mongodump:STDERR: 2016-03-09T13:18:54.899+0100	writing dinner_development.home_items metadata to /home/dorgroi/Projects/crowtec/others/diinner/backup/.tmp/my_backup/databases/MongoDB/dinner_development/home_items.metadata.json
[2016/03/09 13:18:54][warn] mongodump:STDERR: 2016-03-09T13:18:54.900+0100	done dumping dinner_development.home_items (1 document)
[2016/03/09 13:18:54][warn] mongodump:STDERR: 2016-03-09T13:18:54.908+0100	writing dinner_development.restaurants metadata to /home/dorgroi/Projects/crowtec/others/diinner/backup/.tmp/my_backup/databases/MongoDB/dinner_development/restaurants.metadata.json
[2016/03/09 13:18:54][warn] mongodump:STDERR: 2016-03-09T13:18:54.908+0100	done dumping dinner_development.restaurants (1 document)
[2016/03/09 13:18:54][info] Using Compressor::Gzip for compression.
[2016/03/09 13:18:54][info]   Command: '/bin/gzip'
[2016/03/09 13:18:54][info]   Ext: '.gz'
[2016/03/09 13:18:54][info] Database::MongoDB Finished!
[2016/03/09 13:18:54][info] Packaging the backup files...
[2016/03/09 13:18:54][info] Splitter configured with a chunk size of 250MB.
[2016/03/09 13:18:54][info] Packaging Complete!
[2016/03/09 13:18:54][info] Cleaning up the temporary files...
[2016/03/09 13:18:54][info] Storage::Local Started...
[2016/03/09 13:18:54][info] Storing '/home/dorgroi/backups/my_backup/2016.03.09.13.18.54/my_backup.tar'...
[2016/03/09 13:18:54][info] Cycling Started...
[2016/03/09 13:18:54][info] Storage::Local Finished!
[2016/03/09 13:18:54][info] Cleaning up the package files...
[2016/03/09 13:18:54][warn] Backup for 'Description for my_backup (my_backup)' Completed Successfully (with Warnings) in 00:00:00
